<?xml version="1.0" encoding="UTF-8"?>
<!-- Generated by org.testng.reporters.JUnitReportReporter -->
<testsuite hostname="Vamshi" failures="0" tests="1" name="com.qa.testscripts.TC_MyAccount" time="18.652" errors="0" timestamp="2023-11-03T03:46:53 IST" skipped="0">
  <testcase classname="com.qa.testscripts.TC_MyAccount" name="getmyaccount" time="18.652"/>
</testsuite> <!-- com.qa.testscripts.TC_MyAccount -->
