<?xml version="1.0" encoding="UTF-8"?>
<!-- Generated by org.testng.reporters.JUnitReportReporter -->
<testsuite hostname="Vamshi" failures="0" tests="1" name="com.qa.testscripts.TC_Login" time="17.122" errors="0" timestamp="2023-11-03T03:46:53 IST" skipped="0">
  <testcase classname="com.qa.testscripts.TC_Login" name="login" time="17.122"/>
</testsuite> <!-- com.qa.testscripts.TC_Login -->
