<?xml version="1.0" encoding="UTF-8"?>
<!-- Generated by org.testng.reporters.JUnitReportReporter -->
<testsuite hostname="Vamshi" failures="0" tests="1" name="com.qa.testscripts.TC_Login" time="19.237" errors="0" timestamp="29 Oct 2023 18:58:28 GMT" skipped="0">
  <testcase classname="com.qa.testscripts.TC_Login" name="login" time="19.237"/>
</testsuite> <!-- com.qa.testscripts.TC_Login -->
